<?xml version="1.0" encoding="UTF-8"?>
<!-- Generated by org.testng.reporters.JUnitReportReporter -->
<testsuite hostname="LAPTOP-R5NV1QLO" failures="0" tests="2" name="April29.AMy1.HomeTest" time="7.212" errors="0" timestamp="2022-04-29T22:29:53 EDT" skipped="0">
  <testcase classname="April29.AMy1.HomeTest" name="goal" time="0.005"/>
  <system-out/>
  <testcase classname="April29.AMy1.HomeTest" name="goal2" time="7.207"/>
  <system-out/>
</testsuite> <!-- April29.AMy1.HomeTest -->
