<?xml version="1.0" encoding="UTF-8"?>
<!-- Generated by org.testng.reporters.JUnitReportReporter -->
<testsuite hostname="LAPTOP-R5NV1QLO" failures="0" tests="1" name="April29.AMy1.AppTest" time="0.010" errors="0" timestamp="2022-04-29T22:29:53 EDT" skipped="0">
  <testcase classname="April29.AMy1.AppTest" name="shouldAnswerWithTrue" time="0.010"/>
  <system-out/>
</testsuite> <!-- April29.AMy1.AppTest -->
