<?xml version="1.0" encoding="UTF-8"?>
<!-- Generated by org.testng.reporters.JUnitReportReporter -->
<testsuite hostname="LAPTOP-R5NV1QLO" failures="0" tests="2" name="April29.AMy1.HomeTest" time="0.028" errors="0" timestamp="2022-04-29T22:13:37 EDT" skipped="0">
  <testcase classname="April29.AMy1.HomeTest" name="goal" time="0.018"/>
  <system-out/>
  <testcase classname="April29.AMy1.HomeTest" name="goal2" time="0.010"/>
  <system-out/>
</testsuite> <!-- April29.AMy1.HomeTest -->
